c:\users\nate4\source\repos\gameengine4\gameengine4\debug\vc141.pdb
c:\users\nate4\source\repos\gameengine4\gameengine4\debug\vc141.idb
c:\users\nate4\source\repos\gameengine4\gameengine4\debug\window.obj
c:\users\nate4\source\repos\gameengine4\gameengine4\debug\coreengine.obj
c:\users\nate4\source\repos\gameengine4\gameengine4\debug\timer.obj
c:\users\nate4\source\repos\gameengine4\gameengine4\debug\main.obj
c:\users\nate4\source\repos\gameengine4\gameengine4\debug\startscene.obj
c:\users\nate4\source\repos\gameengine4\gameengine4\debug\gamescene.obj
c:\users\nate4\source\repos\gameengine4\gameengine4\debug\game1.obj
c:\users\nate4\source\repos\gameengine4\gameengine4\debug\debug.obj
c:\users\nate4\source\repos\gameengine4\gameengine4\debug\model.obj
c:\users\nate4\source\repos\gameengine4\gameengine4\debug\mesh.obj
c:\users\nate4\source\repos\gameengine4\gameengine4\debug\gameobject.obj
c:\users\nate4\source\repos\gameengine4\gameengine4\debug\shaderhandler.obj
c:\users\nate4\source\repos\gameengine4\gameengine4\debug\camera.obj
c:\users\nate4\source\repos\gameengine4\gameengine4\debug\texturehandler.obj
c:\users\nate4\source\repos\gameengine4\debug\gameengine4.exe
c:\users\nate4\source\repos\gameengine4\debug\gameengine4.ilk
c:\users\nate4\source\repos\gameengine4\debug\gameengine4.pdb
c:\users\nate4\source\repos\gameengine4\gameengine4\debug\gameengine4.tlog\cl.command.1.tlog
c:\users\nate4\source\repos\gameengine4\gameengine4\debug\gameengine4.tlog\cl.read.1.tlog
c:\users\nate4\source\repos\gameengine4\gameengine4\debug\gameengine4.tlog\cl.write.1.tlog
c:\users\nate4\source\repos\gameengine4\gameengine4\debug\gameengine4.tlog\link.command.1.tlog
c:\users\nate4\source\repos\gameengine4\gameengine4\debug\gameengine4.tlog\link.read.1.tlog
c:\users\nate4\source\repos\gameengine4\gameengine4\debug\gameengine4.tlog\link.write.1.tlog
