  Debug.cpp
  CoreEngine.cpp
c:\users\nate4\source\repos\gameengine4\gameengine4\engine\core\window.h(4): fatal error C1083: Cannot open include file: 'SDL.h': No such file or directory
  GameObject.cpp
c:\users\nate4\source\repos\gameengine4\gameengine4\engine\rendering\3d\mesh.h(4): fatal error C1083: Cannot open include file: 'glew.h': No such file or directory
  GameScene.cpp
c:\users\nate4\source\repos\gameengine4\gameengine4\engine\core\window.h(4): fatal error C1083: Cannot open include file: 'SDL.h': No such file or directory
  Game1.cpp
c:\users\nate4\source\repos\gameengine4\gameengine4\engine\core\window.h(4): fatal error C1083: Cannot open include file: 'SDL.h': No such file or directory
  Main.cpp
c:\users\nate4\source\repos\gameengine4\gameengine4\engine\core\window.h(4): fatal error C1083: Cannot open include file: 'SDL.h': No such file or directory
  Window.cpp
c:\users\nate4\source\repos\gameengine4\gameengine4\engine\core\window.h(4): fatal error C1083: Cannot open include file: 'SDL.h': No such file or directory
  Timer.cpp
c:\users\nate4\source\repos\gameengine4\gameengine4\engine\core\timer.h(4): fatal error C1083: Cannot open include file: 'SDL.h': No such file or directory
  StartScene.cpp
c:\users\nate4\source\repos\gameengine4\gameengine4\engine\core\window.h(4): fatal error C1083: Cannot open include file: 'SDL.h': No such file or directory
  Mesh.cpp
c:\users\nate4\source\repos\gameengine4\gameengine4\engine\rendering\3d\mesh.h(4): fatal error C1083: Cannot open include file: 'glew.h': No such file or directory
  Model.cpp
c:\users\nate4\source\repos\gameengine4\gameengine4\engine\rendering\3d\mesh.h(4): fatal error C1083: Cannot open include file: 'glew.h': No such file or directory
  ShaderHandler.cpp
c:\users\nate4\source\repos\gameengine4\gameengine4\engine\graphics\shaderhandler.h(8): fatal error C1083: Cannot open include file: 'glew.h': No such file or directory
  Generating Code...
